<?xml version="1.0" encoding="UTF-8"?>
<!-- Generated by org.testng.reporters.JUnitXMLReporter -->
<testsuite ignored="0" hostname="hems" failures="0" tests="16" name="Test" time="34.355" errors="0" timestamp="2020-06-02T09:57:54 IST">
  <testcase classname="test.java.NewTest" name="getURL" time="5.51"/>
  <testcase classname="test.java.NewTest" name="udemyA" time="4.979"/>
  <testcase classname="test.java.NewTest" name="levelListBox" time="1.516"/>
  <testcase classname="test.java.NewTest" name="levelFilter" time="2.354"/>
  <testcase classname="test.java.NewTest" name="languageListBox" time="1.24"/>
  <testcase classname="test.java.NewTest" name="languageFilter" time="2.272"/>
  <testcase classname="test.java.NewTest" name="filterBtn" time="1.229"/>
  <testcase classname="test.java.NewTest" name="listOfCourses" time="2.054"/>
  <testcase classname="test.java.NewTest" name="takeScreenshot" time="0.347"/>
  <testcase classname="test.java.NewTest" name="assert1" time="0.403"/>
  <testcase classname="test.java.NewTest" name="udemyB" time="8.217"/>
  <testcase classname="test.java.NewTest" name="emailBox" time="0.143"/>
  <testcase classname="test.java.NewTest" name="getInTouchBtn" time="1.214"/>
  <testcase classname="test.java.NewTest" name="getErrorMsg" time="0.06"/>
  <testcase classname="test.java.NewTest" name="takeScreenShot" time="0.203"/>
  <testcase classname="test.java.NewTest" name="assert2" time="0.001"/>
</testsuite> <!-- Test -->
